This is pdfTeX, Version 3.14159265-2.6-1.40.20 (TeX Live 2019) (preloaded format=pdflatex 2019.5.8)  26 SEP 2021 13:09
entering extended mode
 restricted \write18 enabled.
 %&-line parsing enabled.
**F_abcd_q7_classification.tex
(./F_abcd_q7_classification.tex
LaTeX2e <2018-12-01>
(/usr/local/texlive/2019/texmf-dist/tex/latex/base/article.cls
Document Class: article 2018/09/03 v1.4i Standard LaTeX document class
(/usr/local/texlive/2019/texmf-dist/tex/latex/base/size10.clo
File: size10.clo 2018/09/03 v1.4i Standard LaTeX file (size option)
)
\c@part=\count80
\c@section=\count81
\c@subsection=\count82
\c@subsubsection=\count83
\c@paragraph=\count84
\c@subparagraph=\count85
\c@figure=\count86
\c@table=\count87
\abovecaptionskip=\skip41
\belowcaptionskip=\skip42
\bibindent=\dimen102
)
(/usr/local/texlive/2019/texmf-dist/tex/latex/amsmath/amsmath.sty
Package: amsmath 2018/12/01 v2.17b AMS math features
\@mathmargin=\skip43

For additional information on amsmath, use the `?' option.
(/usr/local/texlive/2019/texmf-dist/tex/latex/amsmath/amstext.sty
Package: amstext 2000/06/29 v2.01 AMS text

(/usr/local/texlive/2019/texmf-dist/tex/latex/amsmath/amsgen.sty
File: amsgen.sty 1999/11/30 v2.0 generic functions
\@emptytoks=\toks14
\ex@=\dimen103
))
(/usr/local/texlive/2019/texmf-dist/tex/latex/amsmath/amsbsy.sty
Package: amsbsy 1999/11/29 v1.2d Bold Symbols
\pmbraise@=\dimen104
)
(/usr/local/texlive/2019/texmf-dist/tex/latex/amsmath/amsopn.sty
Package: amsopn 2016/03/08 v2.02 operator names
)
\inf@bad=\count88
LaTeX Info: Redefining \frac on input line 223.
\uproot@=\count89
\leftroot@=\count90
LaTeX Info: Redefining \overline on input line 385.
\classnum@=\count91
\DOTSCASE@=\count92
LaTeX Info: Redefining \ldots on input line 482.
LaTeX Info: Redefining \dots on input line 485.
LaTeX Info: Redefining \cdots on input line 606.
\Mathstrutbox@=\box27
\strutbox@=\box28
\big@size=\dimen105
LaTeX Font Info:    Redeclaring font encoding OML on input line 729.
LaTeX Font Info:    Redeclaring font encoding OMS on input line 730.
\macc@depth=\count93
\c@MaxMatrixCols=\count94
\dotsspace@=\muskip10
\c@parentequation=\count95
\dspbrk@lvl=\count96
\tag@help=\toks15
\row@=\count97
\column@=\count98
\maxfields@=\count99
\andhelp@=\toks16
\eqnshift@=\dimen106
\alignsep@=\dimen107
\tagshift@=\dimen108
\tagwidth@=\dimen109
\totwidth@=\dimen110
\lineht@=\dimen111
\@envbody=\toks17
\multlinegap=\skip44
\multlinetaggap=\skip45
\mathdisplay@stack=\toks18
LaTeX Info: Redefining \[ on input line 2844.
LaTeX Info: Redefining \] on input line 2845.
)
(/usr/local/texlive/2019/texmf-dist/tex/latex/amsfonts/amssymb.sty
Package: amssymb 2013/01/14 v3.01 AMS font symbols

(/usr/local/texlive/2019/texmf-dist/tex/latex/amsfonts/amsfonts.sty
Package: amsfonts 2013/01/14 v3.01 Basic AMSFonts support
\symAMSa=\mathgroup4
\symAMSb=\mathgroup5
LaTeX Font Info:    Overwriting math alphabet `\mathfrak' in version `bold'
(Font)                  U/euf/m/n --> U/euf/b/n on input line 106.
))
(/usr/local/texlive/2019/texmf-dist/tex/latex/base/latexsym.sty
Package: latexsym 1998/08/17 v2.2e Standard LaTeX package (lasy symbols)
\symlasy=\mathgroup6
LaTeX Font Info:    Overwriting symbol font `lasy' in version `bold'
(Font)                  U/lasy/m/n --> U/lasy/b/n on input line 52.
)
(/usr/local/texlive/2019/texmf-dist/tex/latex/graphics/epsfig.sty
Package: epsfig 2017/06/25 v1.7b (e)psfig emulation (SPQR)

(/usr/local/texlive/2019/texmf-dist/tex/latex/graphics/graphicx.sty
Package: graphicx 2017/06/01 v1.1a Enhanced LaTeX Graphics (DPC,SPQR)

(/usr/local/texlive/2019/texmf-dist/tex/latex/graphics/keyval.sty
Package: keyval 2014/10/28 v1.15 key=value parser (DPC)
\KV@toks@=\toks19
)
(/usr/local/texlive/2019/texmf-dist/tex/latex/graphics/graphics.sty
Package: graphics 2017/06/25 v1.2c Standard LaTeX Graphics (DPC,SPQR)

(/usr/local/texlive/2019/texmf-dist/tex/latex/graphics/trig.sty
Package: trig 2016/01/03 v1.10 sin cos tan (DPC)
)
(/usr/local/texlive/2019/texmf-dist/tex/latex/graphics-cfg/graphics.cfg
File: graphics.cfg 2016/06/04 v1.11 sample graphics configuration
)
Package graphics Info: Driver file: pdftex.def on input line 99.

(/usr/local/texlive/2019/texmf-dist/tex/latex/graphics-def/pdftex.def
File: pdftex.def 2018/01/08 v1.0l Graphics/color driver for pdftex
))
\Gin@req@height=\dimen112
\Gin@req@width=\dimen113
)
\epsfxsize=\dimen114
\epsfysize=\dimen115
)
(/usr/local/texlive/2019/texmf-dist/tex/latex/tools/enumerate.sty
Package: enumerate 2015/07/23 v3.00 enumerate extensions (DPC)
\@enLab=\toks20
)
(/usr/local/texlive/2019/texmf-dist/tex/latex/graphics/rotating.sty
Package: rotating 2016/08/11 v2.16d rotated objects in LaTeX

(/usr/local/texlive/2019/texmf-dist/tex/latex/base/ifthen.sty
Package: ifthen 2014/09/29 v1.1c Standard LaTeX ifthen package (DPC)
)
\c@r@tfl@t=\count100
\rotFPtop=\skip46
\rotFPbot=\skip47
\rot@float@box=\box29
\rot@mess@toks=\toks21
)
(/usr/local/texlive/2019/texmf-dist/tex/latex/tools/multicol.sty
Package: multicol 2018/12/27 v1.8v multicolumn formatting (FMi)
\c@tracingmulticols=\count101
\mult@box=\box30
\multicol@leftmargin=\dimen116
\c@unbalance=\count102
\c@collectmore=\count103
\doublecol@number=\count104
\multicoltolerance=\count105
\multicolpretolerance=\count106
\full@width=\dimen117
\page@free=\dimen118
\premulticols=\dimen119
\postmulticols=\dimen120
\multicolsep=\skip48
\multicolbaselineskip=\skip49
\partial@page=\box31
\last@line=\box32
\maxbalancingoverflow=\dimen121
\mult@rightbox=\box33
\mult@grightbox=\box34
\mult@gfirstbox=\box35
\mult@firstbox=\box36
\@tempa=\box37
\@tempa=\box38
\@tempa=\box39
\@tempa=\box40
\@tempa=\box41
\@tempa=\box42
\@tempa=\box43
\@tempa=\box44
\@tempa=\box45
\@tempa=\box46
\@tempa=\box47
\@tempa=\box48
\@tempa=\box49
\@tempa=\box50
\@tempa=\box51
\@tempa=\box52
\@tempa=\box53
\c@columnbadness=\count107
\c@finalcolumnbadness=\count108
\last@try=\dimen122
\multicolovershoot=\dimen123
\multicolundershoot=\dimen124
\mult@nat@firstbox=\box54
\colbreak@box=\box55
\mc@col@check@num=\count109
)
(/usr/local/texlive/2019/texmf-dist/tex/latex/base/makeidx.sty
Package: makeidx 2014/09/29 v1.0m Standard LaTeX package
)
(/usr/local/texlive/2019/texmf-dist/tex/latex/tools/array.sty
Package: array 2018/12/30 v2.4k Tabular extension package (FMi)
\col@sep=\dimen125
\ar@mcellbox=\box56
\extrarowheight=\dimen126
\NC@list=\toks22
\extratabsurround=\skip50
\backup@length=\skip51
\ar@cellbox=\box57
)
(/usr/local/texlive/2019/texmf-dist/tex/latex/pgf/frontendlayer/tikz.sty
(/usr/local/texlive/2019/texmf-dist/tex/latex/pgf/basiclayer/pgf.sty
(/usr/local/texlive/2019/texmf-dist/tex/latex/pgf/utilities/pgfrcs.sty
(/usr/local/texlive/2019/texmf-dist/tex/generic/pgf/utilities/pgfutil-common.te
x
\pgfutil@everybye=\toks23
\pgfutil@tempdima=\dimen127
\pgfutil@tempdimb=\dimen128

(/usr/local/texlive/2019/texmf-dist/tex/generic/pgf/utilities/pgfutil-common-li
sts.tex))
(/usr/local/texlive/2019/texmf-dist/tex/generic/pgf/utilities/pgfutil-latex.def
\pgfutil@abb=\box58
(/usr/local/texlive/2019/texmf-dist/tex/latex/ms/everyshi.sty
Package: everyshi 2001/05/15 v3.00 EveryShipout Package (MS)
))
(/usr/local/texlive/2019/texmf-dist/tex/generic/pgf/utilities/pgfrcs.code.tex
(/usr/local/texlive/2019/texmf-dist/tex/generic/pgf/pgf.revision.tex)
Package: pgfrcs 2019/04/04 v3.1.2 (3.1.2)
))
Package: pgf 2019/04/04 v3.1.2 (3.1.2)

(/usr/local/texlive/2019/texmf-dist/tex/latex/pgf/basiclayer/pgfcore.sty
(/usr/local/texlive/2019/texmf-dist/tex/latex/pgf/systemlayer/pgfsys.sty
(/usr/local/texlive/2019/texmf-dist/tex/generic/pgf/systemlayer/pgfsys.code.tex
Package: pgfsys 2019/04/04 v3.1.2 (3.1.2)
(/usr/local/texlive/2019/texmf-dist/tex/generic/pgf/utilities/pgfkeys.code.tex
\pgfkeys@pathtoks=\toks24
\pgfkeys@temptoks=\toks25

(/usr/local/texlive/2019/texmf-dist/tex/generic/pgf/utilities/pgfkeysfiltered.c
ode.tex
\pgfkeys@tmptoks=\toks26
))
\pgf@x=\dimen129
\pgf@y=\dimen130
\pgf@xa=\dimen131
\pgf@ya=\dimen132
\pgf@xb=\dimen133
\pgf@yb=\dimen134
\pgf@xc=\dimen135
\pgf@yc=\dimen136
\w@pgf@writea=\write3
\r@pgf@reada=\read1
\c@pgf@counta=\count110
\c@pgf@countb=\count111
\c@pgf@countc=\count112
\c@pgf@countd=\count113
\t@pgf@toka=\toks27
\t@pgf@tokb=\toks28
\t@pgf@tokc=\toks29
\pgf@sys@id@count=\count114

(/usr/local/texlive/2019/texmf-dist/tex/generic/pgf/systemlayer/pgf.cfg
File: pgf.cfg 2019/04/04 v3.1.2 (3.1.2)
)
Driver file for pgf: pgfsys-pdftex.def

(/usr/local/texlive/2019/texmf-dist/tex/generic/pgf/systemlayer/pgfsys-pdftex.d
ef
File: pgfsys-pdftex.def 2019/04/04 v3.1.2 (3.1.2)

(/usr/local/texlive/2019/texmf-dist/tex/generic/pgf/systemlayer/pgfsys-common-p
df.def
File: pgfsys-common-pdf.def 2019/04/04 v3.1.2 (3.1.2)
)))
(/usr/local/texlive/2019/texmf-dist/tex/generic/pgf/systemlayer/pgfsyssoftpath.
code.tex
File: pgfsyssoftpath.code.tex 2019/04/04 v3.1.2 (3.1.2)
\pgfsyssoftpath@smallbuffer@items=\count115
\pgfsyssoftpath@bigbuffer@items=\count116
)
(/usr/local/texlive/2019/texmf-dist/tex/generic/pgf/systemlayer/pgfsysprotocol.
code.tex
File: pgfsysprotocol.code.tex 2019/04/04 v3.1.2 (3.1.2)
)) (/usr/local/texlive/2019/texmf-dist/tex/latex/xcolor/xcolor.sty
Package: xcolor 2016/05/11 v2.12 LaTeX color extensions (UK)

(/usr/local/texlive/2019/texmf-dist/tex/latex/graphics-cfg/color.cfg
File: color.cfg 2016/01/02 v1.6 sample color configuration
)
Package xcolor Info: Driver file: pdftex.def on input line 225.
Package xcolor Info: Model `cmy' substituted by `cmy0' on input line 1348.
Package xcolor Info: Model `hsb' substituted by `rgb' on input line 1352.
Package xcolor Info: Model `RGB' extended on input line 1364.
Package xcolor Info: Model `HTML' substituted by `rgb' on input line 1366.
Package xcolor Info: Model `Hsb' substituted by `hsb' on input line 1367.
Package xcolor Info: Model `tHsb' substituted by `hsb' on input line 1368.
Package xcolor Info: Model `HSB' substituted by `hsb' on input line 1369.
Package xcolor Info: Model `Gray' substituted by `gray' on input line 1370.
Package xcolor Info: Model `wave' substituted by `hsb' on input line 1371.
)
(/usr/local/texlive/2019/texmf-dist/tex/generic/pgf/basiclayer/pgfcore.code.tex
Package: pgfcore 2019/04/04 v3.1.2 (3.1.2)
(/usr/local/texlive/2019/texmf-dist/tex/generic/pgf/math/pgfmath.code.tex
(/usr/local/texlive/2019/texmf-dist/tex/generic/pgf/math/pgfmathcalc.code.tex
(/usr/local/texlive/2019/texmf-dist/tex/generic/pgf/math/pgfmathutil.code.tex)
(/usr/local/texlive/2019/texmf-dist/tex/generic/pgf/math/pgfmathparser.code.tex
\pgfmath@dimen=\dimen137
\pgfmath@count=\count117
\pgfmath@box=\box59
\pgfmath@toks=\toks30
\pgfmath@stack@operand=\toks31
\pgfmath@stack@operation=\toks32
)
(/usr/local/texlive/2019/texmf-dist/tex/generic/pgf/math/pgfmathfunctions.code.
tex
(/usr/local/texlive/2019/texmf-dist/tex/generic/pgf/math/pgfmathfunctions.basic
.code.tex)
(/usr/local/texlive/2019/texmf-dist/tex/generic/pgf/math/pgfmathfunctions.trigo
nometric.code.tex)
(/usr/local/texlive/2019/texmf-dist/tex/generic/pgf/math/pgfmathfunctions.rando
m.code.tex)
(/usr/local/texlive/2019/texmf-dist/tex/generic/pgf/math/pgfmathfunctions.compa
rison.code.tex)
(/usr/local/texlive/2019/texmf-dist/tex/generic/pgf/math/pgfmathfunctions.base.
code.tex)
(/usr/local/texlive/2019/texmf-dist/tex/generic/pgf/math/pgfmathfunctions.round
.code.tex)
(/usr/local/texlive/2019/texmf-dist/tex/generic/pgf/math/pgfmathfunctions.misc.
code.tex)
(/usr/local/texlive/2019/texmf-dist/tex/generic/pgf/math/pgfmathfunctions.integ
erarithmetics.code.tex)))
(/usr/local/texlive/2019/texmf-dist/tex/generic/pgf/math/pgfmathfloat.code.tex
\c@pgfmathroundto@lastzeros=\count118
))
(/usr/local/texlive/2019/texmf-dist/tex/generic/pgf/basiclayer/pgfcorepoints.co
de.tex
File: pgfcorepoints.code.tex 2019/04/04 v3.1.2 (3.1.2)
\pgf@picminx=\dimen138
\pgf@picmaxx=\dimen139
\pgf@picminy=\dimen140
\pgf@picmaxy=\dimen141
\pgf@pathminx=\dimen142
\pgf@pathmaxx=\dimen143
\pgf@pathminy=\dimen144
\pgf@pathmaxy=\dimen145
\pgf@xx=\dimen146
\pgf@xy=\dimen147
\pgf@yx=\dimen148
\pgf@yy=\dimen149
\pgf@zx=\dimen150
\pgf@zy=\dimen151
)
(/usr/local/texlive/2019/texmf-dist/tex/generic/pgf/basiclayer/pgfcorepathconst
ruct.code.tex
File: pgfcorepathconstruct.code.tex 2019/04/04 v3.1.2 (3.1.2)
\pgf@path@lastx=\dimen152
\pgf@path@lasty=\dimen153
)
(/usr/local/texlive/2019/texmf-dist/tex/generic/pgf/basiclayer/pgfcorepathusage
.code.tex
File: pgfcorepathusage.code.tex 2019/04/04 v3.1.2 (3.1.2)
\pgf@shorten@end@additional=\dimen154
\pgf@shorten@start@additional=\dimen155
)
(/usr/local/texlive/2019/texmf-dist/tex/generic/pgf/basiclayer/pgfcorescopes.co
de.tex
File: pgfcorescopes.code.tex 2019/04/04 v3.1.2 (3.1.2)
\pgfpic=\box60
\pgf@hbox=\box61
\pgf@layerbox@main=\box62
\pgf@picture@serial@count=\count119
)
(/usr/local/texlive/2019/texmf-dist/tex/generic/pgf/basiclayer/pgfcoregraphicst
ate.code.tex
File: pgfcoregraphicstate.code.tex 2019/04/04 v3.1.2 (3.1.2)
\pgflinewidth=\dimen156
)
(/usr/local/texlive/2019/texmf-dist/tex/generic/pgf/basiclayer/pgfcoretransform
ations.code.tex
File: pgfcoretransformations.code.tex 2019/04/04 v3.1.2 (3.1.2)
\pgf@pt@x=\dimen157
\pgf@pt@y=\dimen158
\pgf@pt@temp=\dimen159
)
(/usr/local/texlive/2019/texmf-dist/tex/generic/pgf/basiclayer/pgfcorequick.cod
e.tex
File: pgfcorequick.code.tex 2019/04/04 v3.1.2 (3.1.2)
)
(/usr/local/texlive/2019/texmf-dist/tex/generic/pgf/basiclayer/pgfcoreobjects.c
ode.tex
File: pgfcoreobjects.code.tex 2019/04/04 v3.1.2 (3.1.2)
)
(/usr/local/texlive/2019/texmf-dist/tex/generic/pgf/basiclayer/pgfcorepathproce
ssing.code.tex
File: pgfcorepathprocessing.code.tex 2019/04/04 v3.1.2 (3.1.2)
)
(/usr/local/texlive/2019/texmf-dist/tex/generic/pgf/basiclayer/pgfcorearrows.co
de.tex
File: pgfcorearrows.code.tex 2019/04/04 v3.1.2 (3.1.2)
\pgfarrowsep=\dimen160
)
(/usr/local/texlive/2019/texmf-dist/tex/generic/pgf/basiclayer/pgfcoreshade.cod
e.tex
File: pgfcoreshade.code.tex 2019/04/04 v3.1.2 (3.1.2)
\pgf@max=\dimen161
\pgf@sys@shading@range@num=\count120
\pgf@shadingcount=\count121
)
(/usr/local/texlive/2019/texmf-dist/tex/generic/pgf/basiclayer/pgfcoreimage.cod
e.tex
File: pgfcoreimage.code.tex 2019/04/04 v3.1.2 (3.1.2)

(/usr/local/texlive/2019/texmf-dist/tex/generic/pgf/basiclayer/pgfcoreexternal.
code.tex
File: pgfcoreexternal.code.tex 2019/04/04 v3.1.2 (3.1.2)
\pgfexternal@startupbox=\box63
))
(/usr/local/texlive/2019/texmf-dist/tex/generic/pgf/basiclayer/pgfcorelayers.co
de.tex
File: pgfcorelayers.code.tex 2019/04/04 v3.1.2 (3.1.2)
)
(/usr/local/texlive/2019/texmf-dist/tex/generic/pgf/basiclayer/pgfcoretranspare
ncy.code.tex
File: pgfcoretransparency.code.tex 2019/04/04 v3.1.2 (3.1.2)
)
(/usr/local/texlive/2019/texmf-dist/tex/generic/pgf/basiclayer/pgfcorepatterns.
code.tex
File: pgfcorepatterns.code.tex 2019/04/04 v3.1.2 (3.1.2)
)
(/usr/local/texlive/2019/texmf-dist/tex/generic/pgf/basiclayer/pgfcorerdf.code.
tex
File: pgfcorerdf.code.tex 2019/04/04 v3.1.2 (3.1.2)
)))
(/usr/local/texlive/2019/texmf-dist/tex/generic/pgf/modules/pgfmoduleshapes.cod
e.tex
File: pgfmoduleshapes.code.tex 2019/04/04 v3.1.2 (3.1.2)
\pgfnodeparttextbox=\box64
)
(/usr/local/texlive/2019/texmf-dist/tex/generic/pgf/modules/pgfmoduleplot.code.
tex
File: pgfmoduleplot.code.tex 2019/04/04 v3.1.2 (3.1.2)
)
(/usr/local/texlive/2019/texmf-dist/tex/latex/pgf/compatibility/pgfcomp-version
-0-65.sty
Package: pgfcomp-version-0-65 2019/04/04 v3.1.2 (3.1.2)
\pgf@nodesepstart=\dimen162
\pgf@nodesepend=\dimen163
)
(/usr/local/texlive/2019/texmf-dist/tex/latex/pgf/compatibility/pgfcomp-version
-1-18.sty
Package: pgfcomp-version-1-18 2019/04/04 v3.1.2 (3.1.2)
))
(/usr/local/texlive/2019/texmf-dist/tex/latex/pgf/utilities/pgffor.sty
(/usr/local/texlive/2019/texmf-dist/tex/latex/pgf/utilities/pgfkeys.sty
(/usr/local/texlive/2019/texmf-dist/tex/generic/pgf/utilities/pgfkeys.code.tex)
) (/usr/local/texlive/2019/texmf-dist/tex/latex/pgf/math/pgfmath.sty
(/usr/local/texlive/2019/texmf-dist/tex/generic/pgf/math/pgfmath.code.tex))
(/usr/local/texlive/2019/texmf-dist/tex/generic/pgf/utilities/pgffor.code.tex
Package: pgffor 2019/04/04 v3.1.2 (3.1.2)

(/usr/local/texlive/2019/texmf-dist/tex/generic/pgf/math/pgfmath.code.tex)
\pgffor@iter=\dimen164
\pgffor@skip=\dimen165
\pgffor@stack=\toks33
\pgffor@toks=\toks34
))
(/usr/local/texlive/2019/texmf-dist/tex/generic/pgf/frontendlayer/tikz/tikz.cod
e.tex
Package: tikz 2019/04/04 v3.1.2 (3.1.2)

(/usr/local/texlive/2019/texmf-dist/tex/generic/pgf/libraries/pgflibraryplothan
dlers.code.tex
File: pgflibraryplothandlers.code.tex 2019/04/04 v3.1.2 (3.1.2)
\pgf@plot@mark@count=\count122
\pgfplotmarksize=\dimen166
)
\tikz@lastx=\dimen167
\tikz@lasty=\dimen168
\tikz@lastxsaved=\dimen169
\tikz@lastysaved=\dimen170
\tikzleveldistance=\dimen171
\tikzsiblingdistance=\dimen172
\tikz@figbox=\box65
\tikz@figbox@bg=\box66
\tikz@tempbox=\box67
\tikz@tempbox@bg=\box68
\tikztreelevel=\count123
\tikznumberofchildren=\count124
\tikznumberofcurrentchild=\count125
\tikz@fig@count=\count126

(/usr/local/texlive/2019/texmf-dist/tex/generic/pgf/modules/pgfmodulematrix.cod
e.tex
File: pgfmodulematrix.code.tex 2019/04/04 v3.1.2 (3.1.2)
\pgfmatrixcurrentrow=\count127
\pgfmatrixcurrentcolumn=\count128
\pgf@matrix@numberofcolumns=\count129
)
\tikz@expandcount=\count130

(/usr/local/texlive/2019/texmf-dist/tex/generic/pgf/frontendlayer/tikz/librarie
s/tikzlibrarytopaths.code.tex
File: tikzlibrarytopaths.code.tex 2019/04/04 v3.1.2 (3.1.2)
)))
(/usr/local/texlive/2019/texmf-dist/tex/latex/tools/longtable.sty
Package: longtable 2014/10/28 v4.11 Multi-page Table package (DPC)+ FMi change
\LTleft=\skip52
\LTright=\skip53
\LTpre=\skip54
\LTpost=\skip55
\LTchunksize=\count131
\LTcapwidth=\dimen173
\LT@head=\box69
\LT@firsthead=\box70
\LT@foot=\box71
\LT@lastfoot=\box72
\LT@cols=\count132
\LT@rows=\count133
\c@LT@tables=\count134
\c@LT@chunks=\count135
\LT@p@ftn=\toks35
)
(/usr/local/texlive/2019/texmf-dist/tex/latex/anyfontsize/anyfontsize.sty
Package: anyfontsize 2007/11/22 anyfontsize.sty by pts
)
(/usr/local/texlive/2019/texmf-dist/tex/latex/base/t1enc.sty
Package: t1enc 1994/06/01 Standard LaTeX package
)
No file F_abcd_q7_classification.aux.
\openout1 = `F_abcd_q7_classification.aux'.

LaTeX Font Info:    Checking defaults for OML/cmm/m/it on input line 270.
LaTeX Font Info:    ... okay on input line 270.
LaTeX Font Info:    Checking defaults for T1/cmr/m/n on input line 270.
LaTeX Font Info:    ... okay on input line 270.
LaTeX Font Info:    Checking defaults for OT1/cmr/m/n on input line 270.
LaTeX Font Info:    ... okay on input line 270.
LaTeX Font Info:    Checking defaults for OMS/cmsy/m/n on input line 270.
LaTeX Font Info:    ... okay on input line 270.
LaTeX Font Info:    Checking defaults for OMX/cmex/m/n on input line 270.
LaTeX Font Info:    ... okay on input line 270.
LaTeX Font Info:    Checking defaults for U/cmr/m/n on input line 270.
LaTeX Font Info:    ... okay on input line 270.
(/usr/local/texlive/2019/texmf-dist/tex/context/base/mkii/supp-pdf.mkii
[Loading MPS to PDF converter (version 2006.09.02).]
\scratchcounter=\count136
\scratchdimen=\dimen174
\scratchbox=\box73
\nofMPsegments=\count137
\nofMParguments=\count138
\everyMPshowfont=\toks36
\MPscratchCnt=\count139
\MPscratchDim=\dimen175
\MPnumerator=\count140
\makeMPintoPDFobject=\count141
\everyMPtoPDFconversion=\toks37
) (/usr/local/texlive/2019/texmf-dist/tex/latex/oberdiek/epstopdf-base.sty
Package: epstopdf-base 2016/05/15 v2.6 Base part for package epstopdf

(/usr/local/texlive/2019/texmf-dist/tex/generic/oberdiek/infwarerr.sty
Package: infwarerr 2016/05/16 v1.4 Providing info/warning/error messages (HO)
)
(/usr/local/texlive/2019/texmf-dist/tex/latex/oberdiek/grfext.sty
Package: grfext 2016/05/16 v1.2 Manage graphics extensions (HO)

(/usr/local/texlive/2019/texmf-dist/tex/generic/oberdiek/kvdefinekeys.sty
Package: kvdefinekeys 2016/05/16 v1.4 Define keys (HO)

(/usr/local/texlive/2019/texmf-dist/tex/generic/oberdiek/ltxcmds.sty
Package: ltxcmds 2016/05/16 v1.23 LaTeX kernel commands for general use (HO)
)))
(/usr/local/texlive/2019/texmf-dist/tex/latex/oberdiek/kvoptions.sty
Package: kvoptions 2016/05/16 v3.12 Key value format for package options (HO)

(/usr/local/texlive/2019/texmf-dist/tex/generic/oberdiek/kvsetkeys.sty
Package: kvsetkeys 2016/05/16 v1.17 Key value parser (HO)

(/usr/local/texlive/2019/texmf-dist/tex/generic/oberdiek/etexcmds.sty
Package: etexcmds 2016/05/16 v1.6 Avoid name clashes with e-TeX commands (HO)

(/usr/local/texlive/2019/texmf-dist/tex/generic/oberdiek/ifluatex.sty
Package: ifluatex 2016/05/16 v1.4 Provides the ifluatex switch (HO)
Package ifluatex Info: LuaTeX not detected.
))))
(/usr/local/texlive/2019/texmf-dist/tex/generic/oberdiek/pdftexcmds.sty
Package: pdftexcmds 2018/09/10 v0.29 Utility functions of pdfTeX for LuaTeX (HO
)

(/usr/local/texlive/2019/texmf-dist/tex/generic/oberdiek/ifpdf.sty
Package: ifpdf 2018/09/07 v3.3 Provides the ifpdf switch
)
Package pdftexcmds Info: LuaTeX not detected.
Package pdftexcmds Info: \pdf@primitive is available.
Package pdftexcmds Info: \pdf@ifprimitive is available.
Package pdftexcmds Info: \pdfdraftmode found.
)
Package epstopdf-base Info: Redefining graphics rule for `.eps' on input line 4
38.
Package grfext Info: Graphics extension search list:
(grfext)             [.pdf,.png,.jpg,.mps,.jpeg,.jbig2,.jb2,.PDF,.PNG,.JPG,.JPE
G,.JBIG2,.JB2,.eps]
(grfext)             \AppendGraphicsExtensions on input line 456.

(/usr/local/texlive/2019/texmf-dist/tex/latex/latexconfig/epstopdf-sys.cfg
File: epstopdf-sys.cfg 2010/07/13 v1.3 Configuration of (r)epstopdf for TeX Liv
e
))
ABD: EveryShipout initializing macros
LaTeX Font Info:    Try loading font information for U+msa on input line 298.

(/usr/local/texlive/2019/texmf-dist/tex/latex/amsfonts/umsa.fd
File: umsa.fd 2013/01/14 v3.01 AMS symbols A
)
LaTeX Font Info:    Try loading font information for U+msb on input line 298.

(/usr/local/texlive/2019/texmf-dist/tex/latex/amsfonts/umsb.fd
File: umsb.fd 2013/01/14 v3.01 AMS symbols B
)
LaTeX Font Info:    Try loading font information for U+lasy on input line 298.

(/usr/local/texlive/2019/texmf-dist/tex/latex/base/ulasy.fd
File: ulasy.fd 1998/08/17 v2.2e LaTeX symbol font definitions
)
Underfull \hbox (badness 10000) in paragraph at lines 309--312

 []


Overfull \hbox (590.69835pt too wide) in paragraph at lines 313--315
\T1/cmr/m/n/10 set of points of size 99: $\OMS/cmsy/m/n/10 f\OT1/cmr/m/n/10 (0\
OML/cmm/m/it/10 ; \OT1/cmr/m/n/10 1\OML/cmm/m/it/10 ; \OT1/cmr/m/n/10 2\OML/cmm
/m/it/10 ; \OT1/cmr/m/n/10 3\OML/cmm/m/it/10 ; \OT1/cmr/m/n/10 5\OML/cmm/m/it/1
0 ; \OT1/cmr/m/n/10 6\OML/cmm/m/it/10 ; \OT1/cmr/m/n/10 7\OML/cmm/m/it/10 ; \OT
1/cmr/m/n/10 8\OML/cmm/m/it/10 ; \OT1/cmr/m/n/10 9\OML/cmm/m/it/10 ; \OT1/cmr/m
/n/10 10\OML/cmm/m/it/10 ; \OT1/cmr/m/n/10 16\OML/cmm/m/it/10 ; \OT1/cmr/m/n/10
 17\OML/cmm/m/it/10 ; \OT1/cmr/m/n/10 18\OML/cmm/m/it/10 ; \OT1/cmr/m/n/10 25\O
ML/cmm/m/it/10 ; \OT1/cmr/m/n/10 26\OML/cmm/m/it/10 ; \OT1/cmr/m/n/10 33\OML/cm
m/m/it/10 ; \OT1/cmr/m/n/10 34\OML/cmm/m/it/10 ; \OT1/cmr/m/n/10 41\OML/cmm/m/i
t/10 ; \OT1/cmr/m/n/10 42\OML/cmm/m/it/10 ; \OT1/cmr/m/n/10 49\OML/cmm/m/it/10 
; \OT1/cmr/m/n/10 50\OML/cmm/m/it/10 ; \OT1/cmr/m/n/10 57\OML/cmm/m/it/10 ; \OT
1/cmr/m/n/10 58\OML/cmm/m/it/10 ; \OT1/cmr/m/n/10 59\OML/cmm/m/it/10 ; \OT1/cmr
/m/n/10 60\OML/cmm/m/it/10 ; \OT1/cmr/m/n/10 61\OML/cmm/m/it/10 ; \OT1/cmr/m/n/
10 62\OML/cmm/m/it/10 ; \OT1/cmr/m/n/10 63\OML/cmm/m/it/10 ; \OT1/cmr/m/n/10 64
\OML/cmm/m/it/10 ; \OT1/cmr/m/n/10 66\OML/cmm/m/it/10 ; \OT1/cmr/m/n/10 76\OML/
cmm/m/it/10 ; \OT1/cmr/m/n/10 79\OML/cmm/m/it/10 ; \OT1/cmr/m/n/10 89\OML/cmm/m
/it/10 ; \OT1/cmr/m/n/10 99\OML/cmm/m/it/10 ; \OT1/cmr/m/n/10 102\OML/cmm/m/it/
10 ; \OT1/cmr/m/n/10 107\OML/cmm/m/it/10 ; \OT1/cmr/m/n/10 113\OML/cmm/m/it/10 
; \OT1/cmr/m/n/10 115\OML/cmm/m/it/10 ; \OT1/cmr/m/n/10 117\OML/cmm/m/it/10 ; \
OT1/cmr/m/n/10 129\OML/cmm/m/it/10 ; \OT1/cmr/m/n/10 131\OML/cmm/m/it/10 ; \OT1
/cmr/m/n/10 134\OML/cmm/m/it/10 ; \OT1/cmr/m/n/10 140\OML/cmm/m/it/10 ; \OT1/cm
r/m/n/10 155\OML/cmm/m/it/10 ; \OT1/cmr/m/n/10 160\OML/cmm/m/it/10 ; \OT1/cmr/m
/n/10 164\OML/cmm/m/it/10 ; \OT1/cmr/m/n/10 166\OML/cmm/m/it/10 ; \OT1/cmr/m/n/
10 172\OML/cmm/m/it/10 ; \OT1/cmr/m/n/10 173\OML/cmm/m/it/10 ; \OT1/cmr/m/n/10 
178\OML/cmm/m/it/10 ; :::\OT1/cmr/m/n/10 386\OML/cmm/m/it/10 ; \OT1/cmr/m/n/10 
393\OML/cmm/m/it/10 ; \OT1/cmr/m/n/10 397)\OMS/cmsy/m/n/10 g$ 
 []


Underfull \hbox (badness 10000) in paragraph at lines 313--315

 []

[1

{/usr/local/texlive/2019/texmf-var/fonts/map/pdftex/updmap/pdftex.map}]
[2] [3] [4]
Underfull \hbox (badness 10000) in paragraph at lines 560--567

 []


Overfull \hbox (6945.20656pt too wide) in paragraph at lines 573--581
$\OML/cmm/m/it/10 C[] \OT1/cmr/m/n/10 = \OMS/cmsy/m/n/10 f\OT1/cmr/m/n/10 0\OML
/cmm/m/it/10 ; \OT1/cmr/m/n/10 1\OML/cmm/m/it/10 ; \OT1/cmr/m/n/10 2\OML/cmm/m/
it/10 ; \OT1/cmr/m/n/10 3\OML/cmm/m/it/10 ; \OT1/cmr/m/n/10 4\OML/cmm/m/it/10 ;
 \OT1/cmr/m/n/10 5\OML/cmm/m/it/10 ; \OT1/cmr/m/n/10 6\OML/cmm/m/it/10 ; \OT1/c
mr/m/n/10 7\OML/cmm/m/it/10 ; \OT1/cmr/m/n/10 8\OML/cmm/m/it/10 ; \OT1/cmr/m/n/
10 9\OML/cmm/m/it/10 ; \OT1/cmr/m/n/10 10\OML/cmm/m/it/10 ; \OT1/cmr/m/n/10 11\
OML/cmm/m/it/10 ; \OT1/cmr/m/n/10 12\OML/cmm/m/it/10 ; \OT1/cmr/m/n/10 13\OML/c
mm/m/it/10 ; \OT1/cmr/m/n/10 14\OML/cmm/m/it/10 ; \OT1/cmr/m/n/10 15\OML/cmm/m/
it/10 ; \OT1/cmr/m/n/10 16\OML/cmm/m/it/10 ; \OT1/cmr/m/n/10 17\OML/cmm/m/it/10
 ; \OT1/cmr/m/n/10 18\OML/cmm/m/it/10 ; \OT1/cmr/m/n/10 19\OML/cmm/m/it/10 ; \O
T1/cmr/m/n/10 20\OML/cmm/m/it/10 ; \OT1/cmr/m/n/10 21\OML/cmm/m/it/10 ; \OT1/cm
r/m/n/10 22\OML/cmm/m/it/10 ; \OT1/cmr/m/n/10 23\OML/cmm/m/it/10 ; \OT1/cmr/m/n
/10 24\OML/cmm/m/it/10 ; \OT1/cmr/m/n/10 25\OML/cmm/m/it/10 ; \OT1/cmr/m/n/10 2
6\OML/cmm/m/it/10 ; \OT1/cmr/m/n/10 27\OML/cmm/m/it/10 ; \OT1/cmr/m/n/10 28\OML
/cmm/m/it/10 ; \OT1/cmr/m/n/10 29\OML/cmm/m/it/10 ; \OT1/cmr/m/n/10 30\OML/cmm/
m/it/10 ; \OT1/cmr/m/n/10 31\OML/cmm/m/it/10 ; \OT1/cmr/m/n/10 32\OML/cmm/m/it/
10 ; \OT1/cmr/m/n/10 33\OML/cmm/m/it/10 ; \OT1/cmr/m/n/10 34\OML/cmm/m/it/10 ; 
\OT1/cmr/m/n/10 35\OML/cmm/m/it/10 ; \OT1/cmr/m/n/10 36\OML/cmm/m/it/10 ; \OT1/
cmr/m/n/10 37\OML/cmm/m/it/10 ; \OT1/cmr/m/n/10 38\OML/cmm/m/it/10 ; \OT1/cmr/m
/n/10 39\OML/cmm/m/it/10 ; \OT1/cmr/m/n/10 40\OML/cmm/m/it/10 ; \OT1/cmr/m/n/10
 41\OML/cmm/m/it/10 ; \OT1/cmr/m/n/10 42\OML/cmm/m/it/10 ; \OT1/cmr/m/n/10 43\O
ML/cmm/m/it/10 ; \OT1/cmr/m/n/10 44\OML/cmm/m/it/10 ; \OT1/cmr/m/n/10 45\OML/cm
m/m/it/10 ; \OT1/cmr/m/n/10 46\OML/cmm/m/it/10 ; \OT1/cmr/m/n/10 47\OML/cmm/m/i
t/10 ; \OT1/cmr/m/n/10 48\OML/cmm/m/it/10 ; \OT1/cmr/m/n/10 49\OML/cmm/m/it/10 
; \OT1/cmr/m/n/10 50\OML/cmm/m/it/10 ; \OT1/cmr/m/n/10 51\OML/cmm/m/it/10 ; \OT
1/cmr/m/n/10 52\OML/cmm/m/it/10 ; \OT1/cmr/m/n/10 53\OML/cmm/m/it/10 ; \OT1/cmr
/m/n/10 54\OML/cmm/m/it/10 ; \OT1/cmr/m/n/10 55\OML/cmm/m/it/10 ; \OT1/cmr/m/n/
10 56\OML/cmm/m/it/10 ; \OT1/cmr/m/n/10 57\OML/cmm/m/it/10 ; \OT1/cmr/m/n/10 58
\OML/cmm/m/it/10 ; \OT1/cmr/m/n/10 59\OML/cmm/m/it/10 ; \OT1/cmr/m/n/10 60\OML/
cmm/m/it/10 ; \OT1/cmr/m/n/10 61\OML/cmm/m/it/10 ; \OT1/cmr/m/n/10 62\OML/cmm/m
/it/10 ; \OT1/cmr/m/n/10 63\OML/cmm/m/it/10 ; \OT1/cmr/m/n/10 64\OML/cmm/m/it/1
0 ; \OT1/cmr/m/n/10 65\OML/cmm/m/it/10 ; \OT1/cmr/m/n/10 66\OML/cmm/m/it/10 ; \
OT1/cmr/m/n/10 67\OML/cmm/m/it/10 ; \OT1/cmr/m/n/10 68\OML/cmm/m/it/10 ; \OT1/c
mr/m/n/10 69\OML/cmm/m/it/10 ; \OT1/cmr/m/n/10 70\OML/cmm/m/it/10 ; \OT1/cmr/m/
n/10 71\OML/cmm/m/it/10 ; \OT1/cmr/m/n/10 72\OML/cmm/m/it/10 ; \OT1/cmr/m/n/10 
73\OML/cmm/m/it/10 ; \OT1/cmr/m/n/10 74\OML/cmm/m/it/10 ; \OT1/cmr/m/n/10 75\OM
L/cmm/m/it/10 ; \OT1/cmr/m/n/10 76\OML/cmm/m/it/10 ; \OT1/cmr/m/n/10 77\OML/cmm
/m/it/10 ; \OT1/cmr/m/n/10 78\OML/cmm/m/it/10 ; \OT1/cmr/m/n/10 79\OML/cmm/m/it
/10 ; \OT1/cmr/m/n/10 80\OML/cmm/m/it/10 ; \OT1/cmr/m/n/10 81\OML/cmm/m/it/10 ;
 \OT1/cmr/m/n/10 82\OML/cmm/m/it/10 ; \OT1/cmr/m/n/10 83\OML/cmm/m/it/10 ; \OT1
/cmr/m/n/10 84\OML/cmm/m/it/10 ; \OT1/cmr/m/n/10 85\OML/cmm/m/it/10 ; \OT1/cmr/
m/n/10 86\OML/cmm/m/it/10 ; \OT1/cmr/m/n/10 87\OML/cmm/m/it/10 ; \OT1/cmr/m/n/1
0 88\OML/cmm/m/it/10 ; \OT1/cmr/m/n/10 89\OML/cmm/m/it/10 ; \OT1/cmr/m/n/10 90\
OML/cmm/m/it/10 ; \OT1/cmr/m/n/10 91\OML/cmm/m/it/10 ; \OT1/cmr/m/n/10 92\OML/c
mm/m/it/10 ; \OT1/cmr/m/n/10 93\OML/cmm/m/it/10 ; \OT1/cmr/m/n/10 94\OML/cmm/m/
it/10 ; \OT1/cmr/m/n/10 95\OML/cmm/m/it/10 ; \OT1/cmr/m/n/10 96\OML/cmm/m/it/10
 ; \OT1/cmr/m/n/10 97\OML/cmm/m/it/10 ; \OT1/cmr/m/n/10 98\OML/cmm/m/it/10 ; \O
T1/cmr/m/n/10 99\OML/cmm/m/it/10 ; \OT1/cmr/m/n/10 100\OML/cmm/m/it/10 ; \OT1/c
mr/m/n/10 101\OML/cmm/m/it/10 ; \OT1/cmr/m/n/10 102\OML/cmm/m/it/10 ; \OT1/cmr/
m/n/10 103\OML/cmm/m/it/10 ; \OT1/cmr/m/n/10 104\OML/cmm/m/it/10 ; \OT1/cmr/m/n
/10 105\OML/cmm/m/it/10 ; \OT1/cmr/m/n/10 106\OML/cmm/m/it/10 ; \OT1/cmr/m/n/10
 107\OML/cmm/m/it/10 ; \OT1/cmr/m/n/10 108\OML/cmm/m/it/10 ; \OT1/cmr/m/n/10 10
9\OML/cmm/m/it/10 ; \OT1/cmr/m/n/10 110\OML/cmm/m/it/10 ; \OT1/cmr/m/n/10 111\O
ML/cmm/m/it/10 ; \OT1/cmr/m/n/10 112\OML/cmm/m/it/10 ; \OT1/cmr/m/n/10 113\OML/
cmm/m/it/10 ; \OT1/cmr/m/n/10 114\OML/cmm/m/it/10 ; \OT1/cmr/m/n/10 115\OML/cmm
/m/it/10 ; \OT1/cmr/m/n/10 116\OML/cmm/m/it/10 ; \OT1/cmr/m/n/10 117\OML/cmm/m/
it/10 ; \OT1/cmr/m/n/10 118\OML/cmm/m/it/10 ; \OT1/cmr/m/n/10 119\OML/cmm/m/it/
10 ; \OT1/cmr/m/n/10 120\OML/cmm/m/it/10 ; \OT1/cmr/m/n/10 121\OML/cmm/m/it/10 
; \OT1/cmr/m/n/10 122\OML/cmm/m/it/10 ; \OT1/cmr/m/n/10 123\OML/cmm/m/it/10 ; \
OT1/cmr/m/n/10 124\OML/cmm/m/it/10 ; \OT1/cmr/m/n/10 125\OML/cmm/m/it/10 ; \OT1
/cmr/m/n/10 126\OML/cmm/m/it/10 ; \OT1/cmr/m/n/10 127\OML/cmm/m/it/10 ; \OT1/cm
r/m/n/10 128\OML/cmm/m/it/10 ; \OT1/cmr/m/n/10 129\OML/cmm/m/it/10 ; \OT1/cmr/m
/n/10 130\OML/cmm/m/it/10 ; \OT1/cmr/m/n/10 131\OML/cmm/m/it/10 ; \OT1/cmr/m/n/
10 132\OML/cmm/m/it/10 ; \OT1/cmr/m/n/10 133\OML/cmm/m/it/10 ; \OT1/cmr/m/n/10 
134\OML/cmm/m/it/10 ; \OT1/cmr/m/n/10 135\OML/cmm/m/it/10 ; \OT1/cmr/m/n/10 136
\OML/cmm/m/it/10 ; \OT1/cmr/m/n/10 137\OML/cmm/m/it/10 ; \OT1/cmr/m/n/10 138\OM
L/cmm/m/it/10 ; \OT1/cmr/m/n/10 139\OML/cmm/m/it/10 ; \OT1/cmr/m/n/10 140\OML/c
mm/m/it/10 ; \OT1/cmr/m/n/10 141\OML/cmm/m/it/10 ; \OT1/cmr/m/n/10 142\OML/cmm/
m/it/10 ; \OT1/cmr/m/n/10 143\OML/cmm/m/it/10 ; \OT1/cmr/m/n/10 144\OML/cmm/m/i
t/10 ; \OT1/cmr/m/n/10 145\OML/cmm/m/it/10 ; \OT1/cmr/m/n/10 146\OML/cmm/m/it/1
0 ; \OT1/cmr/m/n/10 147\OML/cmm/m/it/10 ; \OT1/cmr/m/n/10 148\OML/cmm/m/it/10 ;
 \OT1/cmr/m/n/10 149\OML/cmm/m/it/10 ; \OT1/cmr/m/n/10 150\OML/cmm/m/it/10 ; \O
T1/cmr/m/n/10 151\OML/cmm/m/it/10 ; \OT1/cmr/m/n/10 152\OML/cmm/m/it/10 ; \OT1/
cmr/m/n/10 153\OML/cmm/m/it/10 ; \OT1/cmr/m/n/10 154\OML/cmm/m/it/10 ; \OT1/cmr
/m/n/10 155\OML/cmm/m/it/10 ; \OT1/cmr/m/n/10 156\OML/cmm/m/it/10 ; \OT1/cmr/m/
n/10 157\OML/cmm/m/it/10 ; \OT1/cmr/m/n/10 158\OML/cmm/m/it/10 ; \OT1/cmr/m/n/1
0 159\OML/cmm/m/it/10 ; \OT1/cmr/m/n/10 160\OML/cmm/m/it/10 ; \OT1/cmr/m/n/10 1
61\OML/cmm/m/it/10 ; \OT1/cmr/m/n/10 162\OML/cmm/m/it/10 ; \OT1/cmr/m/n/10 163\
OML/cmm/m/it/10 ; \OT1/cmr/m/n/10 164\OML/cmm/m/it/10 ; \OT1/cmr/m/n/10 165\OML
/cmm/m/it/10 ; \OT1/cmr/m/n/10 166\OML/cmm/m/it/10 ; \OT1/cmr/m/n/10 167\OML/cm
m/m/it/10 ; \OT1/cmr/m/n/10 168\OML/cmm/m/it/10 ; \OT1/cmr/m/n/10 169\OML/cmm/m
/it/10 ; \OT1/cmr/m/n/10 170\OML/cmm/m/it/10 ; \OT1/cmr/m/n/10 171\OML/cmm/m/it
/10 ; \OT1/cmr/m/n/10 172\OML/cmm/m/it/10 ; \OT1/cmr/m/n/10 173\OML/cmm/m/it/10
 ; \OT1/cmr/m/n/10 174\OML/cmm/m/it/10 ; \OT1/cmr/m/n/10 175\OML/cmm/m/it/10 ; 
\OT1/cmr/m/n/10 176\OML/cmm/m/it/10 ; \OT1/cmr/m/n/10 177\OML/cmm/m/it/10 ; \OT
1/cmr/m/n/10 178\OML/cmm/m/it/10 ; \OT1/cmr/m/n/10 179\OML/cmm/m/it/10 ; \OT1/c
mr/m/n/10 180\OML/cmm/m/it/10 ; \OT1/cmr/m/n/10 181\OML/cmm/m/it/10 ; \OT1/cmr/
m/n/10 182\OML/cmm/m/it/10 ; \OT1/cmr/m/n/10 183\OML/cmm/m/it/10 ; \OT1/cmr/m/n
/10 184\OML/cmm/m/it/10 ; \OT1/cmr/m/n/10 185\OML/cmm/m/it/10 ; \OT1/cmr/m/n/10
 186\OML/cmm/m/it/10 ; \OT1/cmr/m/n/10 187\OML/cmm/m/it/10 ; \OT1/cmr/m/n/10 18
8\OML/cmm/m/it/10 ; \OT1/cmr/m/n/10 189\OML/cmm/m/it/10 ; \OT1/cmr/m/n/10 190\O
ML/cmm/m/it/10 ; \OT1/cmr/m/n/10 191\OML/cmm/m/it/10 ; \OT1/cmr/m/n/10 192\OML/
cmm/m/it/10 ; \OT1/cmr/m/n/10 193\OML/cmm/m/it/10 ; \OT1/cmr/m/n/10 194\OML/cmm
/m/it/10 ; \OT1/cmr/m/n/10 195\OML/cmm/m/it/10 ; \OT1/cmr/m/n/10 196\OML/cmm/m/
it/10 ; \OT1/cmr/m/n/10 197\OML/cmm/m/it/10 ; \OT1/cmr/m/n/10 198\OML/cmm/m/it/
10 ; \OT1/cmr/m/n/10 199\OML/cmm/m/it/10 ; \OT1/cmr/m/n/10 200\OML/cmm/m/it/10 
; \OT1/cmr/m/n/10 201\OML/cmm/m/it/10 ; \OT1/cmr/m/n/10 202\OML/cmm/m/it/10 ; \
OT1/cmr/m/n/10 203\OML/cmm/m/it/10 ; \OT1/cmr/m/n/10 204\OML/cmm/m/it/10 ; \OT1
/cmr/m/n/10 205\OML/cmm/m/it/10 ; \OT1/cmr/m/n/10 206\OML/cmm/m/it/10 ; \OT1/cm
r/m/n/10 207\OML/cmm/m/it/10 ; \OT1/cmr/m/n/10 208\OML/cmm/m/it/10 ; \OT1/cmr/m
/n/10 209\OML/cmm/m/it/10 ; \OT1/cmr/m/n/10 210\OML/cmm/m/it/10 ; \OT1/cmr/m/n/
10 211\OML/cmm/m/it/10 ; \OT1/cmr/m/n/10 212\OML/cmm/m/it/10 ; \OT1/cmr/m/n/10 
213\OML/cmm/m/it/10 ; \OT1/cmr/m/n/10 214\OML/cmm/m/it/10 ; \OT1/cmr/m/n/10 215
\OML/cmm/m/it/10 ; \OT1/cmr/m/n/10 216\OML/cmm/m/it/10 ; \OT1/cmr/m/n/10 217\OM
L/cmm/m/it/10 ; \OT1/cmr/m/n/10 218\OML/cmm/m/it/10 ; \OT1/cmr/m/n/10 219\OML/c
mm/m/it/10 ; \OT1/cmr/m/n/10 220\OML/cmm/m/it/10 ; \OT1/cmr/m/n/10 221\OML/cmm/
m/it/10 ; \OT1/cmr/m/n/10 222\OML/cmm/m/it/10 ; \OT1/cmr/m/n/10 223\OML/cmm/m/i
t/10 ; \OT1/cmr/m/n/10 224\OML/cmm/m/it/10 ; \OT1/cmr/m/n/10 225\OML/cmm/m/it/1
0 ; \OT1/cmr/m/n/10 226\OML/cmm/m/it/10 ; \OT1/cmr/m/n/10 227\OML/cmm/m/it/10 ;
 \OT1/cmr/m/n/10 228\OML/cmm/m/it/10 ; \OT1/cmr/m/n/10 229\OML/cmm/m/it/10 ; \O
T1/cmr/m/n/10 230\OML/cmm/m/it/10 ; \OT1/cmr/m/n/10 231\OML/cmm/m/it/10 ; \OT1/
cmr/m/n/10 232\OML/cmm/m/it/10 ; \OT1/cmr/m/n/10 233\OML/cmm/m/it/10 ; \OT1/cmr
/m/n/10 234\OML/cmm/m/it/10 ; \OT1/cmr/m/n/10 235\OML/cmm/m/it/10 ; \OT1/cmr/m/
n/10 236\OML/cmm/m/it/10 ; \OT1/cmr/m/n/10 237\OML/cmm/m/it/10 ; \OT1/cmr/m/n/1
0 238\OML/cmm/m/it/10 ; \OT1/cmr/m/n/10 239\OML/cmm/m/it/10 ; \OT1/cmr/m/n/10 2
40\OML/cmm/m/it/10 ; \OT1/cmr/m/n/10 241\OML/cmm/m/it/10 ; \OT1/cmr/m/n/10 242\
OML/cmm/m/it/10 ; \OT1/cmr/m/n/10 243\OML/cmm/m/it/10 ; \OT1/cmr/m/n/10 244\OML
/cmm/m/it/10 ; \OT1/cmr/m/n/10 245\OML/cmm/m/it/10 ; \OT1/cmr/m/n/10 246\OML/cm
m/m/it/10 ; \OT1/cmr/m/n/10 247\OML/cmm/m/it/10 ; \OT1/cmr/m/n/10 248\OML/cmm/m
/it/10 ; \OT1/cmr/m/n/10 249\OML/cmm/m/it/10 ; \OT1/cmr/m/n/10 250\OML/cmm/m/it
/10 ; \OT1/cmr/m/n/10 251\OML/cmm/m/it/10 ; \OT1/cmr/m/n/10 252\OML/cmm/m/it/10
 ; \OT1/cmr/m/n/10 253\OML/cmm/m/it/10 ; \OT1/cmr/m/n/10 254\OML/cmm/m/it/10 ; 
\OT1/cmr/m/n/10 255\OML/cmm/m/it/10 ; \OT1/cmr/m/n/10 256\OML/cmm/m/it/10 ; \OT
1/cmr/m/n/10 257\OML/cmm/m/it/10 ; \OT1/cmr/m/n/10 258\OML/cmm/m/it/10 ; \OT1/c
mr/m/n/10 259\OML/cmm/m/it/10 ; \OT1/cmr/m/n/10 260\OML/cmm/m/it/10 ; \OT1/cmr/
m/n/10 261\OML/cmm/m/it/10 ; \OT1/cmr/m/n/10 262\OML/cmm/m/it/10 ; \OT1/cmr/m/n
/10 263\OML/cmm/m/it/10 ; \OT1/cmr/m/n/10 264\OML/cmm/m/it/10 ; \OT1/cmr/m/n/10
 265\OML/cmm/m/it/10 ; \OT1/cmr/m/n/10 266\OML/cmm/m/it/10 ; \OT1/cmr/m/n/10 26
7\OML/cmm/m/it/10 ; \OT1/cmr/m/n/10 268\OML/cmm/m/it/10 ; \OT1/cmr/m/n/10 269\O
ML/cmm/m/it/10 ; \OT1/cmr/m/n/10 270\OML/cmm/m/it/10 ; \OT1/cmr/m/n/10 271\OML/
cmm/m/it/10 ; \OT1/cmr/m/n/10 272\OML/cmm/m/it/10 ; \OT1/cmr/m/n/10 273\OML/cmm
/m/it/10 ; \OT1/cmr/m/n/10 274\OML/cmm/m/it/10 ; \OT1/cmr/m/n/10 275\OML/cmm/m/
it/10 ; \OT1/cmr/m/n/10 276\OML/cmm/m/it/10 ; \OT1/cmr/m/n/10 277\OML/cmm/m/it/
10 ; \OT1/cmr/m/n/10 278\OML/cmm/m/it/10 ; \OT1/cmr/m/n/10 279\OML/cmm/m/it/10 
; \OT1/cmr/m/n/10 280\OML/cmm/m/it/10 ; \OT1/cmr/m/n/10 281\OML/cmm/m/it/10 ; \
OT1/cmr/m/n/10 282\OML/cmm/m/it/10 ; \OT1/cmr/m/n/10 283\OML/cmm/m/it/10 ; \OT1
/cmr/m/n/10 284\OML/cmm/m/it/10 ; \OT1/cmr/m/n/10 285\OML/cmm/m/it/10 ; \OT1/cm
r/m/n/10 286\OML/cmm/m/it/10 ; \OT1/cmr/m/n/10 287\OML/cmm/m/it/10 ; \OT1/cmr/m
/n/10 288\OML/cmm/m/it/10 ; \OT1/cmr/m/n/10 289\OML/cmm/m/it/10 ; \OT1/cmr/m/n/
10 290\OML/cmm/m/it/10 ; \OT1/cmr/m/n/10 291\OML/cmm/m/it/10 ; \OT1/cmr/m/n/10 
292\OML/cmm/m/it/10 ; \OT1/cmr/m/n/10 293\OML/cmm/m/it/10 ; \OT1/cmr/m/n/10 294
\OML/cmm/m/it/10 ; \OT1/cmr/m/n/10 295\OML/cmm/m/it/10 ; \OT1/cmr/m/n/10 296\OM
L/cmm/m/it/10 ; \OT1/cmr/m/n/10 297\OML/cmm/m/it/10 ; \OT1/cmr/m/n/10 298\OML/c
mm/m/it/10 ; \OT1/cmr/m/n/10 299\OML/cmm/m/it/10 ; \OT1/cmr/m/n/10 300\OML/cmm/
m/it/10 ; \OT1/cmr/m/n/10 301\OML/cmm/m/it/10 ; \OT1/cmr/m/n/10 302\OML/cmm/m/i
t/10 ; \OT1/cmr/m/n/10 303\OML/cmm/m/it/10 ; \OT1/cmr/m/n/10 304\OML/cmm/m/it/1
0 ; \OT1/cmr/m/n/10 305\OML/cmm/m/it/10 ; \OT1/cmr/m/n/10 306\OML/cmm/m/it/10 ;
 \OT1/cmr/m/n/10 307\OML/cmm/m/it/10 ; \OT1/cmr/m/n/10 308\OML/cmm/m/it/10 ; \O
T1/cmr/m/n/10 309\OML/cmm/m/it/10 ; \OT1/cmr/m/n/10 310\OML/cmm/m/it/10 ; \OT1/
cmr/m/n/10 311\OML/cmm/m/it/10 ; \OT1/cmr/m/n/10 312\OML/cmm/m/it/10 ; \OT1/cmr
/m/n/10 313\OML/cmm/m/it/10 ; \OT1/cmr/m/n/10 314\OML/cmm/m/it/10 ; \OT1/cmr/m/
n/10 315\OML/cmm/m/it/10 ; \OT1/cmr/m/n/10 316\OML/cmm/m/it/10 ; \OT1/cmr/m/n/1
0 317\OML/cmm/m/it/10 ; \OT1/cmr/m/n/10 318\OML/cmm/m/it/10 ; \OT1/cmr/m/n/10 3
19\OML/cmm/m/it/10 ; \OT1/cmr/m/n/10 320\OML/cmm/m/it/10 ; \OT1/cmr/m/n/10 321\
OML/cmm/m/it/10 ; \OT1/cmr/m/n/10 322\OML/cmm/m/it/10 ; \OT1/cmr/m/n/10 323\OML
/cmm/m/it/10 ; \OT1/cmr/m/n/10 324\OML/cmm/m/it/10 ; \OT1/cmr/m/n/10 325\OML/cm
m/m/it/10 ; \OT1/cmr/m/n/10 326\OML/cmm/m/it/10 ; \OT1/cmr/m/n/10 327\OML/cmm/m
/it/10 ; \OT1/cmr/m/n/10 328\OML/cmm/m/it/10 ; \OT1/cmr/m/n/10 329\OML/cmm/m/it
/10 ; \OT1/cmr/m/n/10 330\OML/cmm/m/it/10 ; \OT1/cmr/m/n/10 331\OML/cmm/m/it/10
 ; \OT1/cmr/m/n/10 332\OML/cmm/m/it/10 ; \OT1/cmr/m/n/10 333\OML/cmm/m/it/10 ; 
\OT1/cmr/m/n/10 334\OML/cmm/m/it/10 ; \OT1/cmr/m/n/10 335\OML/cmm/m/it/10 ; \OT
1/cmr/m/n/10 336\OML/cmm/m/it/10 ; \OT1/cmr/m/n/10 337\OML/cmm/m/it/10 ; \OT1/c
mr/m/n/10 338\OML/cmm/m/it/10 ; \OT1/cmr/m/n/10 339\OML/cmm/m/it/10 ; \OT1/cmr/
m/n/10 340\OML/cmm/m/it/10 ; \OT1/cmr/m/n/10 341\OML/cmm/m/it/10 ; \OT1/cmr/m/n
/10 342\OML/cmm/m/it/10 ; \OT1/cmr/m/n/10 343\OML/cmm/m/it/10 ; \OT1/cmr/m/n/10
 344\OML/cmm/m/it/10 ; \OT1/cmr/m/n/10 345\OML/cmm/m/it/10 ; \OT1/cmr/m/n/10 34
6\OML/cmm/m/it/10 ; \OT1/cmr/m/n/10 347\OML/cmm/m/it/10 ; \OT1/cmr/m/n/10 348\O
ML/cmm/m/it/10 ; \OT1/cmr/m/n/10 349\OML/cmm/m/it/10 ; \OT1/cmr/m/n/10 350\OML/
cmm/m/it/10 ; \OT1/cmr/m/n/10 351\OML/cmm/m/it/10 ; \OT1/cmr/m/n/10 352\OML/cmm
/m/it/10 ; \OT1/cmr/m/n/10 353\OML/cmm/m/it/10 ; \OT1/cmr/m/n/10 354\OML/cmm/m/
it/10 ; \OT1/cmr/m/n/10 355\OML/cmm/m/it/10 ; \OT1/cmr/m/n/10 356\OML/cmm/m/it/
10 ; \OT1/cmr/m/n/10 357\OML/cmm/m/it/10 ; \OT1/cmr/m/n/10 358\OML/cmm/m/it/10 
; \OT1/cmr/m/n/10 359\OML/cmm/m/it/10 ; \OT1/cmr/m/n/10 360\OML/cmm/m/it/10 ; \
OT1/cmr/m/n/10 361\OML/cmm/m/it/10 ; \OT1/cmr/m/n/10 362\OML/cmm/m/it/10 ; \OT1
/cmr/m/n/10 363\OML/cmm/m/it/10 ; \OT1/cmr/m/n/10 364\OML/cmm/m/it/10 ; \OT1/cm
r/m/n/10 365\OML/cmm/m/it/10 ; \OT1/cmr/m/n/10 366\OML/cmm/m/it/10 ; \OT1/cmr/m
/n/10 367\OML/cmm/m/it/10 ; \OT1/cmr/m/n/10 368\OML/cmm/m/it/10 ; \OT1/cmr/m/n/
10 369\OML/cmm/m/it/10 ; \OT1/cmr/m/n/10 370\OML/cmm/m/it/10 ; \OT1/cmr/m/n/10 
371\OML/cmm/m/it/10 ; \OT1/cmr/m/n/10 372\OML/cmm/m/it/10 ; \OT1/cmr/m/n/10 373
\OML/cmm/m/it/10 ; \OT1/cmr/m/n/10 374\OML/cmm/m/it/10 ; \OT1/cmr/m/n/10 375\OM
L/cmm/m/it/10 ; \OT1/cmr/m/n/10 376\OML/cmm/m/it/10 ; \OT1/cmr/m/n/10 377\OML/c
mm/m/it/10 ; \OT1/cmr/m/n/10 378\OML/cmm/m/it/10 ; \OT1/cmr/m/n/10 379\OML/cmm/
m/it/10 ; \OT1/cmr/m/n/10 380\OML/cmm/m/it/10 ; \OT1/cmr/m/n/10 381\OML/cmm/m/i
t/10 ; \OT1/cmr/m/n/10 382\OML/cmm/m/it/10 ; \OT1/cmr/m/n/10 383\OML/cmm/m/it/1
0 ; \OT1/cmr/m/n/10 384\OML/cmm/m/it/10 ; \OT1/cmr/m/n/10 385\OML/cmm/m/it/10 ;
 \OT1/cmr/m/n/10 386\OML/cmm/m/it/10 ; \OT1/cmr/m/n/10 387\OML/cmm/m/it/10 ; \O
T1/cmr/m/n/10 388\OML/cmm/m/it/10 ; \OT1/cmr/m/n/10 389\OML/cmm/m/it/10 ; \OT1/
cmr/m/n/10 390\OML/cmm/m/it/10 ; \OT1/cmr/m/n/10 391\OML/cmm/m/it/10 ; \OT1/cmr
/m/n/10 392\OML/cmm/m/it/10 ; \OT1/cmr/m/n/10 393\OML/cmm/m/it/10 ; \OT1/cmr/m/
n/10 394\OML/cmm/m/it/10 ; \OT1/cmr/m/n/10 395\OML/cmm/m/it/10 ; \OT1/cmr/m/n/1
0 396\OML/cmm/m/it/10 ; \OT1/cmr/m/n/10 397\OML/cmm/m/it/10 ; \OT1/cmr/m/n/10 3
98\OML/cmm/m/it/10 ; \OT1/cmr/m/n/10 399\OML/cmm/m/it/10 ; \OT1/cmr/m/n/10 400\
OMS/cmsy/m/n/10 g[]$ 
 []


Underfull \hbox (badness 10000) in paragraph at lines 573--581

 []

[5] (./F_abcd_q7_classification.aux) ) 
Here is how much of TeX's memory you used:
 13073 strings out of 492616
 254757 string characters out of 6129482
 356332 words of memory out of 5000000
 16724 multiletter control sequences out of 15000+600000
 7963 words of font info for 28 fonts, out of 8000000 for 9000
 1141 hyphenation exceptions out of 8191
 55i,13n,48p,16041b,202s stack positions out of 5000i,500n,10000p,200000b,80000s
{/usr/local/texlive/2019/texmf-dist/fonts
/enc/dvips/cm-super/cm-super-t1.enc}</usr/local/texlive/2019/texmf-dist/fonts/t
ype1/public/amsfonts/cm/cmex10.pfb></usr/local/texlive/2019/texmf-dist/fonts/ty
pe1/public/amsfonts/cm/cmmi10.pfb></usr/local/texlive/2019/texmf-dist/fonts/typ
e1/public/amsfonts/cm/cmr10.pfb></usr/local/texlive/2019/texmf-dist/fonts/type1
/public/amsfonts/cm/cmr7.pfb></usr/local/texlive/2019/texmf-dist/fonts/type1/pu
blic/amsfonts/cm/cmsy10.pfb></usr/local/texlive/2019/texmf-dist/fonts/type1/pub
lic/cm-super/sfbx1440.pfb></usr/local/texlive/2019/texmf-dist/fonts/type1/publi
c/cm-super/sfrm1000.pfb>
Output written on F_abcd_q7_classification.pdf (5 pages, 92624 bytes).
PDF statistics:
 52 PDF objects out of 1000 (max. 8388607)
 37 compressed objects within 1 object stream
 0 named destinations out of 1000 (max. 500000)
 13 words of extra memory for PDF output out of 10000 (max. 10000000)

